<?xml version="1.0" encoding="UTF-8"?>
<testsuite xmlns:xsi="http://www.w3.org/2001/XMLSchema-instance" xsi:noNamespaceSchemaLocation="https://maven.apache.org/surefire/maven-surefire-plugin/xsd/surefire-test-report-3.0.xsd" version="3.0" name="com.example.sample_spring_boot_app.SampleSpringBootAppApplicationTests" time="1.113" tests="1" errors="0" skipped="0" failures="0">
  <properties>
[...]
</properties>
  <testcase name="contextLoads" classname="com.example.sample_spring_boot_app.SampleSpringBootAppApplicationTests" time="0.42">
    <system-out><![CDATA[23:31:04.138 [main] INFO org.springframework.test.context.support.AnnotationConfigContextLoaderUtils -- Could not detect default configuration classes for test class [com.example.sample_spring_boot_app.SampleSpringBootAppApplicationTests]: SampleSpringBootAppApplicationTests does not declare any static, non-private, non-final, nested classes annotated with @Configuration.
23:31:04.176 [main] INFO org.springframework.boot.test.context.SpringBootTestContextBootstrapper -- Found @SpringBootConfiguration com.example.sample_spring_boot_app.SampleSpringBootAppApplication for test class com.example.sample_spring_boot_app.SampleSpringBootAppApplicationTests
  .   ____          _            __ _ _
 /\\ / ___'_ __ _ _(_)_ __  __ _ \ \ \ \
( ( )\___ | '_ | '_| | '_ \/ _` | \ \ \ \
 \\/  ___)| |_)| | | | | || (_| |  ) ) ) )
  '  |____| .__|_| |_|_| |_\__, | / / / /
 =========|_|==============|___/=/_/_/_/

 :: Spring Boot ::                (v3.3.0)

2024-06-10T23:31:04.322-04:00  INFO 18222 --- [sample-spring-boot-app] [           main] .e.s.SampleSpringBootAppApplicationTests : Starting SampleSpringBootAppApplicationTests using Java 17.0.2 with PID 18222 (started by santhoshkumardk in /Users/santhoshkumardk/SanthoshKumarDK/sample-spring-boot-app)
2024-06-10T23:31:04.323-04:00  INFO 18222 --- [sample-spring-boot-app] [           main] .e.s.SampleSpringBootAppApplicationTests : No active profile set, falling back to 1 default profile: "default"
2024-06-10T23:31:04.753-04:00  INFO 18222 --- [sample-spring-boot-app] [           main] .e.s.SampleSpringBootAppApplicationTests : Started SampleSpringBootAppApplicationTests in 0.526 seconds (process running for 0.888)
]]></system-out>
  </testcase>
</testsuite>